Start testing: Sep 18 14:18 -03
----------------------------------------------------------
1/3 Testing: test_inatelModem5g
1/3 Test: test_inatelModem5g
Command: "/bin/sh" "/home/alexrosa/Documentos/GNURADIO/5gIoT/gr-inatelModem5g/build/lib/test_inatelModem5g_test.sh"
Directory: /home/alexrosa/Documentos/GNURADIO/5gIoT/gr-inatelModem5g/build/lib
"test_inatelModem5g" start time: Sep 18 14:18 -03
Output:
----------------------------------------------------------


<end of output>
Test time =   0.00 sec
----------------------------------------------------------
Test Passed.
"test_inatelModem5g" end time: Sep 18 14:18 -03
"test_inatelModem5g" time elapsed: 00:00:00
----------------------------------------------------------

2/3 Testing: qa_qam_demod_cc
2/3 Test: qa_qam_demod_cc
Command: "/bin/sh" "/home/alexrosa/Documentos/GNURADIO/5gIoT/gr-inatelModem5g/build/python/qa_qam_demod_cc_test.sh"
Directory: /home/alexrosa/Documentos/GNURADIO/5gIoT/gr-inatelModem5g/build/python
"qa_qam_demod_cc" start time: Sep 18 14:18 -03
Output:
----------------------------------------------------------
.
----------------------------------------------------------------------
Ran 1 test in 0.002s

OK
<end of output>
Test time =   0.23 sec
----------------------------------------------------------
Test Passed.
"qa_qam_demod_cc" end time: Sep 18 14:18 -03
"qa_qam_demod_cc" time elapsed: 00:00:00
----------------------------------------------------------

3/3 Testing: qa_qam_demod_param_cc
3/3 Test: qa_qam_demod_param_cc
Command: "/bin/sh" "/home/alexrosa/Documentos/GNURADIO/5gIoT/gr-inatelModem5g/build/python/qa_qam_demod_param_cc_test.sh"
Directory: /home/alexrosa/Documentos/GNURADIO/5gIoT/gr-inatelModem5g/build/python
"qa_qam_demod_param_cc" start time: Sep 18 14:18 -03
Output:
----------------------------------------------------------
..
----------------------------------------------------------------------
Ran 2 tests in 0.003s

OK
<end of output>
Test time =   0.21 sec
----------------------------------------------------------
Test Passed.
"qa_qam_demod_param_cc" end time: Sep 18 14:18 -03
"qa_qam_demod_param_cc" time elapsed: 00:00:00
----------------------------------------------------------

End testing: Sep 18 14:18 -03
